0 info it worked if it ends with ok
1 verbose cli [
1 verbose cli   'C:\\Program Files\\nodejs\\node.exe',
1 verbose cli   'C:\\Users\\acer\\AppData\\Roaming\\npm\\node_modules\\npm\\bin\\npm-cli.js',
1 verbose cli   'install',
1 verbose cli   '-g',
1 verbose cli   '10.19.0'
1 verbose cli ]
2 info using npm@3.10.10
3 info using node@v12.18.2
4 silly loadCurrentTree Starting
5 silly install loadCurrentTree
6 silly install readGlobalPackageData
7 silly fetchPackageMetaData 10.19.0
8 silly fetchNamedPackageData 10.19.0
9 silly mapToRegistry name 10.19.0
10 silly mapToRegistry using default registry
11 silly mapToRegistry registry https://registry.npmjs.org/
12 silly mapToRegistry data Result {
12 silly mapToRegistry   raw: '10.19.0',
12 silly mapToRegistry   scope: null,
12 silly mapToRegistry   escapedName: '10.19.0',
12 silly mapToRegistry   name: '10.19.0',
12 silly mapToRegistry   rawSpec: '',
12 silly mapToRegistry   spec: 'latest',
12 silly mapToRegistry   type: 'tag'
12 silly mapToRegistry }
13 silly mapToRegistry uri https://registry.npmjs.org/10.19.0
14 verbose request uri https://registry.npmjs.org/10.19.0
15 verbose request no auth needed
16 info attempt registry request try #1 at 10:57:02 PM
17 verbose request id 6b352d500580d8ce
18 http request GET https://registry.npmjs.org/10.19.0
19 http 404 https://registry.npmjs.org/10.19.0
20 verbose headers {
20 verbose headers   date: 'Wed, 19 Aug 2020 16:27:02 GMT',
20 verbose headers   'content-type': 'application/json',
20 verbose headers   'content-length': '21',
20 verbose headers   connection: 'keep-alive',
20 verbose headers   'set-cookie': [
20 verbose headers     '__cfduid=d74e02c44f96f408df880ac81128f22201597854421; expires=Fri, 18-Sep-20 16:27:01 GMT; path=/; domain=.npmjs.org; HttpOnly; SameSite=Lax'
20 verbose headers   ],
20 verbose headers   'cf-ray': '5c553d57e9a0e25f-SIN',
20 verbose headers   vary: 'Accept-Encoding',
20 verbose headers   'cf-cache-status': 'MISS',
20 verbose headers   'cf-request-id': '04a924aaf10000e25f0d30f200000001',
20 verbose headers   'expect-ct': 'max-age=604800, report-uri="https://report-uri.cloudflare.com/cdn-cgi/beacon/expect-ct"',
20 verbose headers   server: 'cloudflare'
20 verbose headers }
21 silly get cb [
21 silly get   404,
21 silly get   {
21 silly get     date: 'Wed, 19 Aug 2020 16:27:02 GMT',
21 silly get     'content-type': 'application/json',
21 silly get     'content-length': '21',
21 silly get     connection: 'keep-alive',
21 silly get     'set-cookie': [
21 silly get       '__cfduid=d74e02c44f96f408df880ac81128f22201597854421; expires=Fri, 18-Sep-20 16:27:01 GMT; path=/; domain=.npmjs.org; HttpOnly; SameSite=Lax'
21 silly get     ],
21 silly get     'cf-ray': '5c553d57e9a0e25f-SIN',
21 silly get     vary: 'Accept-Encoding',
21 silly get     'cf-cache-status': 'MISS',
21 silly get     'cf-request-id': '04a924aaf10000e25f0d30f200000001',
21 silly get     'expect-ct': 'max-age=604800, report-uri="https://report-uri.cloudflare.com/cdn-cgi/beacon/expect-ct"',
21 silly get     server: 'cloudflare'
21 silly get   }
21 silly get ]
22 silly fetchPackageMetaData Error: Not found : 10.19.0
22 silly fetchPackageMetaData     at makeError (C:\Users\acer\AppData\Roaming\npm\node_modules\npm\node_modules\npm-registry-client\lib\request.js:302:12)
22 silly fetchPackageMetaData     at CachingRegistryClient.<anonymous> (C:\Users\acer\AppData\Roaming\npm\node_modules\npm\node_modules\npm-registry-client\lib\request.js:290:14)
22 silly fetchPackageMetaData     at Request._callback (C:\Users\acer\AppData\Roaming\npm\node_modules\npm\node_modules\npm-registry-client\lib\request.js:210:14)
22 silly fetchPackageMetaData     at Request.self.callback (C:\Users\acer\AppData\Roaming\npm\node_modules\npm\node_modules\request\request.js:187:22)
22 silly fetchPackageMetaData     at Request.emit (events.js:315:20)
22 silly fetchPackageMetaData     at Request.<anonymous> (C:\Users\acer\AppData\Roaming\npm\node_modules\npm\node_modules\request\request.js:1048:10)
22 silly fetchPackageMetaData     at Request.emit (events.js:315:20)
22 silly fetchPackageMetaData     at IncomingMessage.<anonymous> (C:\Users\acer\AppData\Roaming\npm\node_modules\npm\node_modules\request\request.js:969:12)
22 silly fetchPackageMetaData     at IncomingMessage.emit (events.js:327:22)
22 silly fetchPackageMetaData     at endReadableNT (_stream_readable.js:1221:12)
22 silly fetchPackageMetaData  error for 10.19.0 Error: Not found : 10.19.0
22 silly fetchPackageMetaData     at makeError (C:\Users\acer\AppData\Roaming\npm\node_modules\npm\node_modules\npm-registry-client\lib\request.js:302:12)
22 silly fetchPackageMetaData     at CachingRegistryClient.<anonymous> (C:\Users\acer\AppData\Roaming\npm\node_modules\npm\node_modules\npm-registry-client\lib\request.js:290:14)
22 silly fetchPackageMetaData     at Request._callback (C:\Users\acer\AppData\Roaming\npm\node_modules\npm\node_modules\npm-registry-client\lib\request.js:210:14)
22 silly fetchPackageMetaData     at Request.self.callback (C:\Users\acer\AppData\Roaming\npm\node_modules\npm\node_modules\request\request.js:187:22)
22 silly fetchPackageMetaData     at Request.emit (events.js:315:20)
22 silly fetchPackageMetaData     at Request.<anonymous> (C:\Users\acer\AppData\Roaming\npm\node_modules\npm\node_modules\request\request.js:1048:10)
22 silly fetchPackageMetaData     at Request.emit (events.js:315:20)
22 silly fetchPackageMetaData     at IncomingMessage.<anonymous> (C:\Users\acer\AppData\Roaming\npm\node_modules\npm\node_modules\request\request.js:969:12)
22 silly fetchPackageMetaData     at IncomingMessage.emit (events.js:327:22)
22 silly fetchPackageMetaData     at endReadableNT (_stream_readable.js:1221:12) {
22 silly fetchPackageMetaData   pkgid: '10.19.0',
22 silly fetchPackageMetaData   statusCode: 404,
22 silly fetchPackageMetaData   code: 'E404'
22 silly fetchPackageMetaData }
23 silly rollbackFailedOptional Starting
24 silly rollbackFailedOptional Finishing
25 silly runTopLevelLifecycles Finishing
26 silly install printInstalled
27 verbose stack Error: Not found : 10.19.0
27 verbose stack     at makeError (C:\Users\acer\AppData\Roaming\npm\node_modules\npm\node_modules\npm-registry-client\lib\request.js:302:12)
27 verbose stack     at CachingRegistryClient.<anonymous> (C:\Users\acer\AppData\Roaming\npm\node_modules\npm\node_modules\npm-registry-client\lib\request.js:290:14)
27 verbose stack     at Request._callback (C:\Users\acer\AppData\Roaming\npm\node_modules\npm\node_modules\npm-registry-client\lib\request.js:210:14)
27 verbose stack     at Request.self.callback (C:\Users\acer\AppData\Roaming\npm\node_modules\npm\node_modules\request\request.js:187:22)
27 verbose stack     at Request.emit (events.js:315:20)
27 verbose stack     at Request.<anonymous> (C:\Users\acer\AppData\Roaming\npm\node_modules\npm\node_modules\request\request.js:1048:10)
27 verbose stack     at Request.emit (events.js:315:20)
27 verbose stack     at IncomingMessage.<anonymous> (C:\Users\acer\AppData\Roaming\npm\node_modules\npm\node_modules\request\request.js:969:12)
27 verbose stack     at IncomingMessage.emit (events.js:327:22)
27 verbose stack     at endReadableNT (_stream_readable.js:1221:12)
28 verbose statusCode 404
29 verbose pkgid 10.19.0
30 verbose cwd C:\xampp\htdocs\cms_laravel
31 error Windows_NT 10.0.18362
32 error argv "C:\\Program Files\\nodejs\\node.exe" "C:\\Users\\acer\\AppData\\Roaming\\npm\\node_modules\\npm\\bin\\npm-cli.js" "install" "-g" "10.19.0"
33 error node v12.18.2
34 error npm  v3.10.10
35 error code E404
36 error 404 Not found : 10.19.0
37 error 404
38 error 404 '10.19.0' is not in the npm registry.
39 error 404 You should bug the author to publish it (or use the name yourself!)
40 error 404 Note that you can also install from a
41 error 404 tarball, folder, http url, or git url.
42 verbose exit [ 1, true ]
